0
94
94 99
0 5
14 16
2 7
28 33
4 9
6 11
20 22
8 13
17 22
10 15
19 24
57 62
58 63
21 26
12 17
18 23
7 9
14 19
20 25
16 21
11 13
18 20
23 25
28 30
26 31
24 29
27 32
27 29
30 32
64 69
56 61
70 75
35 40
35 37
38 43
33 31
38 40
36 41
34 39
36 34
76 81
62 67
49 54
37 39
42 47
42 44
50 55
58 60
51 56
55 60
54 59
52 57
48 53
51 53
50 52
45 47
48 46
41 39
45 43
46 51
66 71
68 73
68 70
65 67
72 77
93 95
72 74
69 71
83 85
92 97
88 90
80 85
92 90
82 87
89 87
74 79
76 78
89 94
91 96
86 91
88 93
73 75
78 83
82 84
79 84
81 86
80 75
59 61
64 62
66 61
6 1
8 10
5 7
