0
98
95 99
0 27
0 24
0 6
97 99
0 1
94 93
50 51
49 86
49 48
40 39
41 97
41 48
42 43
29 30
98 99
90 93
9 10
91 92
29 28
13 10
25 5
47 10
25 26
23 22
95 74
55 3
94 76
3 11
95 96
95 94
59 12
95 77
95 35
27 26
67 66
67 54
15 14
67 1
88 74
67 84
68 87
69 70
69 94
84 83
59 73
85 88
85 38
86 87
97 83
97 96
98 70
96 94
91 82
91 88
91 90
88 80
89 60
71 45
71 72
71 15
71 70
71 43
5 4
6 7
8 7
2 44
2 21
3 63
74 73
3 18
61 62
78 73
61 30
61 60
61 32
47 81
52 31
75 82
57 63
65 64
79 62
79 80
19 59
76 77
52 53
19 20
37 38
17 16
45 78
17 58
34 43
20 47
34 33
36 31
57 56
22 21
56 55
