5
43
24
87
34
9
100
0 35
0 50
0 47
0 94
0 61
0 57
0 96
0 46
0 75
0 74
0 28
0 81
0 72
0 95
0 15
0 76
0 91
0 41
51 5
51 80
51 86
51 25
51 18
51 22
51 62
51 60
51 57
51 6
51 11
51 77
51 75
91 81
44 6
91 59
91 47
91 36
91 28
91 58
91 10
91 88
91 52
20 99
91 74
91 86
38 6
91 85
93 80
91 96
91 48
66 99
66 6
20 72
20 74
65 46
20 60
20 2
20 1
80 99
20 29
16 46
65 60
20 50
20 45
20 62
20 82
20 21
20 93
54 3
54 21
54 41
54 59
54 75
54 46
54 83
54 74
54 68
66 70
54 97
54 1
54 66
54 31
54 73
49 99
54 85
54 14
97 99
54 27
54 5
71 23
71 16
71 44
71 38
71 1
71 69
71 26
71 41
71 39
17 68
17 8
17 12
