5
86
57
9
60
69
100
0 56
95 5
0 73
0 82
0 37
0 95
0 75
92 84
0 3
92 33
92 3
92 96
92 36
92 79
92 88
92 7
92 13
92 53
92 95
92 72
92 5
96 99
92 67
92 24
92 17
1 56
74 99
56 99
59 99
64 99
1 97
1 95
1 78
1 8
1 13
1 71
1 77
1 6
1 42
30 49
30 85
30 97
30 54
30 24
30 41
30 47
7 99
30 16
30 28
30 48
30 74
30 51
30 87
2 46
2 62
48 99
58 99
80 52
21 99
2 10
2 25
2 94
2 90
2 97
2 64
2 74
63 48
63 96
2 5
2 16
23 81
23 20
63 17
63 81
2 23
63 54
63 23
63 33
63 50
63 18
63 44
63 78
63 67
63 40
63 3
51 37
51 43
51 54
51 55
51 14
51 91
51 95
49 52
51 68
51 58
51 88
51 19
51 79
56 41
56 25
