1
59
100
0 1
2 1
2 3
8 10
1 98
12 99
73 99
36 38
91 93
53 54
69 71
68 70
37 38
92 94
93 95
73 74
14 16
9 11
10 12
11 13
19 21
18 20
20 21
26 28
27 29
49 51
50 52
51 53
61 63
28 30
29 31
35 37
8 9
4 6
41 43
70 72
73 75
64 66
64 65
67 69
62 63
71 72
39 40
39 41
59 60
97 99
96 98
12 14
13 15
52 54
55 57
55 56
95 97
26 27
23 25
22 24
22 21
30 31
32 34
33 34
40 42
84 86
85 87
86 88
83 85
94 96
65 67
66 68
35 36
42 44
43 44
45 47
46 48
45 44
47 49
48 50
24 26
58 59
4 5
3 1
5 7
6 7
32 31
76 78
77 79
78 80
74 75
76 77
79 81
80 82
81 83
82 84
18 19
15 17
16 17
87 89
88 90
89 91
90 92
56 58
