5
45
94
60
77
3
100
0 99
0 39
0 29
0 71
0 43
0 14
0 23
0 18
0 69
0 42
0 37
0 89
0 5
0 58
0 63
0 79
0 27
0 35
0 65
0 25
76 99
0 16
0 83
0 33
86 99
0 53
0 93
80 99
0 31
0 7
25 99
22 64
0 61
0 98
91 22
0 15
22 99
0 2
0 49
0 50
0 59
73 23
0 92
0 68
0 24
0 78
0 60
0 67
0 13
0 72
64 99
0 74
3 99
0 96
0 73
0 12
0 55
0 62
0 41
0 28
0 86
0 8
0 22
21 99
0 46
93 99
79 99
0 6
0 56
0 34
0 88
0 81
0 64
0 30
0 75
0 21
0 90
0 9
0 95
0 80
0 40
0 51
0 47
0 52
11 99
0 36
0 4
0 84
2 99
0 38
0 85
0 44
0 10
0 87
0 11
65 61
0 57
61 99
0 82
0 54
