5
46
63
89
45
5
100
0 57
0 52
0 3
0 40
0 23
0 24
0 11
98 99
0 69
0 59
52 99
19 99
0 27
0 95
73 4
0 37
0 7
0 73
36 99
0 71
0 19
83 99
0 41
0 76
53 99
0 67
0 79
19 75
0 72
0 38
0 82
75 99
50 99
0 87
0 18
0 94
0 33
0 36
0 32
0 15
0 21
0 97
0 88
0 66
0 62
0 98
0 61
0 56
76 99
0 31
0 78
0 64
0 44
0 51
63 99
0 48
0 81
0 50
0 26
0 93
0 96
0 30
0 80
0 20
0 91
0 74
0 89
0 85
41 70
0 68
0 77
0 47
0 10
0 34
0 2
65 82
0 53
0 75
0 65
0 83
0 99
0 6
70 99
0 84
0 60
74 20
0 58
0 29
0 1
21 99
0 8
0 13
0 35
0 49
0 16
0 28
79 41
0 22
38 20
0 12
