5
18
8
50
32
84
100
0 71
46 99
0 13
0 4
0 48
0 74
0 99
0 58
0 85
0 60
95 99
88 99
58 60
0 43
0 52
0 40
60 99
0 94
0 73
0 95
0 89
0 59
0 87
0 39
0 27
0 82
0 83
0 35
0 55
86 99
0 65
0 9
0 21
0 41
0 34
0 19
0 68
0 77
0 11
0 56
0 63
64 99
0 75
66 99
23 99
10 99
0 54
0 26
0 62
13 99
0 86
56 99
68 99
0 81
0 64
0 70
0 79
37 99
0 69
0 90
0 93
0 2
0 25
0 49
0 37
0 57
0 92
0 12
0 53
0 42
0 76
0 1
0 29
0 24
0 3
0 17
0 14
5 85
0 28
72 48
0 36
0 16
0 72
0 51
0 15
0 66
0 7
0 96
0 97
0 23
0 33
0 80
0 20
0 31
0 22
0 47
0 5
0 67
0 91
0 78
