5
88
81
1
11
12
100
20 99
0 21
0 83
0 82
75 66
0 14
0 28
0 72
0 69
0 20
0 74
0 34
0 57
0 62
57 97
0 47
0 87
0 53
0 18
0 85
0 97
0 65
0 75
23 99
0 36
0 24
0 15
16 49
0 68
0 92
0 55
0 19
0 80
0 33
0 6
97 66
77 99
0 56
0 43
0 70
0 94
0 10
0 31
0 90
0 22
0 17
0 51
42 52
93 35
87 60
42 76
42 39
35 99
42 40
42 85
42 69
66 99
53 99
42 24
42 5
74 95
42 4
42 87
42 70
42 22
42 84
42 34
42 47
42 54
42 36
42 46
42 23
42 3
42 37
42 41
42 2
42 53
42 68
36 99
42 62
42 15
42 93
42 64
42 26
42 80
42 8
95 99
42 10
42 43
42 44
42 65
42 30
42 50
46 59
42 56
92 99
42 25
42 61
42 33
42 35
